<?xml version="1.0" encoding="UTF-8"?>
<!-- Generated by org.testng.reporters.JUnitReportReporter -->
<testsuite hostname="DESKTOP-6VFFB5C" failures="0" tests="1" name="TestCases.QaLegend_TestCases" time="26.534" errors="0" timestamp="2024-07-02T07:41:36 IST" skipped="0">
  <testcase classname="TestCases.QaLegend_TestCases" name="addInvoice" time="26.534"/>
</testsuite> <!-- TestCases.QaLegend_TestCases -->
