<?xml version="1.0" encoding="UTF-8"?>
<!-- Generated by org.testng.reporters.JUnitReportReporter -->
<testsuite hostname="DESKTOP-6VFFB5C" failures="0" tests="3" name="TestCases.QaLegend_TestCases" time="28.107" errors="0" timestamp="2024-06-24T20:25:02 IST" skipped="0">
  <testcase classname="TestCases.QaLegend_TestCases" name="loginToQaLegendApp" time="9.910"/>
  <testcase classname="TestCases.QaLegend_TestCases" name="addEditNotes" time="9.956"/>
  <testcase classname="TestCases.QaLegend_TestCases" name="forgotPasswordVerification" time="8.241"/>
</testsuite> <!-- TestCases.QaLegend_TestCases -->
