<?xml version="1.0" encoding="UTF-8"?>
<!-- Generated by org.testng.reporters.JUnitReportReporter -->
<testsuite hostname="DESKTOP-6VFFB5C" failures="0" tests="1" name="TestCases.QaLegend_TestCases" time="37.115" errors="0" timestamp="2024-07-17T21:41:17 IST" skipped="0">
  <testcase classname="TestCases.QaLegend_TestCases" name="loginToQaLegendApp" time="37.115"/>
</testsuite> <!-- TestCases.QaLegend_TestCases -->
