<?xml version="1.0" encoding="UTF-8"?>
<!-- Generated by org.testng.reporters.JUnitReportReporter -->
<testsuite hostname="DESKTOP-6VFFB5C" failures="0" tests="1" name="TestCases.QaLegend_TestCases" time="23.909" errors="0" timestamp="2024-06-28T07:28:37 IST" skipped="0">
  <testcase classname="TestCases.QaLegend_TestCases" name="addEditNotes" time="23.909"/>
</testsuite> <!-- TestCases.QaLegend_TestCases -->
