<?xml version="1.0" encoding="UTF-8"?>
<!-- Generated by org.testng.reporters.JUnitReportReporter -->
<testsuite hostname="DESKTOP-6VFFB5C" failures="0" tests="2" name="TestCases.AddNotes" time="23.408" errors="0" timestamp="2024-07-15T20:56:19 IST" skipped="0">
  <testcase classname="TestCases.AddNotes" name="addEditNotes" time="9.254"/>
  <testcase classname="TestCases.AddNotes" name="addEditNotes" time="14.154"/>
</testsuite> <!-- TestCases.AddNotes -->
