<?xml version="1.0" encoding="UTF-8"?>
<!-- Generated by org.testng.reporters.JUnitReportReporter -->
<testsuite hostname="DESKTOP-6VFFB5C" failures="0" tests="2" name="TestCases.QaLegend_TestCases" time="29.029" errors="0" timestamp="2024-07-09T07:02:36 IST" skipped="0">
  <testcase classname="TestCases.QaLegend_TestCases" name="assignLeave" time="13.878"/>
  <testcase classname="TestCases.QaLegend_TestCases" name="addTimeToTimeCard" time="15.151"/>
</testsuite> <!-- TestCases.QaLegend_TestCases -->
