<?xml version="1.0" encoding="UTF-8"?>
<!-- Generated by org.testng.reporters.JUnitReportReporter -->
<testsuite hostname="DESKTOP-6VFFB5C" failures="0" tests="1" name="TestCases.QaLegend_TestCases" time="15.604" errors="0" timestamp="2024-07-01T22:22:52 IST" skipped="0">
  <testcase classname="TestCases.QaLegend_TestCases" name="addInvoice" time="15.604"/>
</testsuite> <!-- TestCases.QaLegend_TestCases -->
