<?xml version="1.0" encoding="UTF-8"?>
<!-- Generated by org.testng.reporters.JUnitReportReporter -->
<testsuite hostname="DESKTOP-6VFFB5C" failures="0" tests="1" name="TestCases.QaLegend_TestCases" time="15.719" errors="0" timestamp="2024-06-20T08:11:59 IST" skipped="0">
  <testcase classname="TestCases.QaLegend_TestCases" name="addEditNotes" time="15.719"/>
</testsuite> <!-- TestCases.QaLegend_TestCases -->
